<?xml version="1.0" encoding="UTF-8"?>
<testng-results ignored="0" total="1" passed="1" failed="0" skipped="0">
  <reporter-output>
  </reporter-output>
  <suite started-at="2022-08-30T16:58:48 EDT" name="Default suite" finished-at="2022-08-30T16:59:21 EDT" duration-ms="33584">
    <groups>
    </groups>
    <test started-at="2022-08-30T16:58:48 EDT" name="Default test" finished-at="2022-08-30T16:59:21 EDT" duration-ms="33584">
      <class name="com.PracticesProject.PracticeProject1">
        <test-method signature="Practice1fordynamicelement()[pri:0, instance:com.PracticesProject.PracticeProject1@6eda5c9]" started-at="2022-08-30T16:58:48 EDT" name="Practice1fordynamicelement" finished-at="2022-08-30T16:59:21 EDT" duration-ms="33542" status="PASS">
          <reporter-output>
          </reporter-output>
        </test-method> <!-- Practice1fordynamicelement -->
      </class> <!-- com.PracticesProject.PracticeProject1 -->
    </test> <!-- Default test -->
  </suite> <!-- Default suite -->
</testng-results>
